<?xml version="1.0" encoding="UTF-8"?>
<testng-results skipped="0" failed="0" ignored="3" total="4" passed="1">
  <reporter-output>
  </reporter-output>
  <suite name="Suite" duration-ms="14887" started-at="2021-05-16T11:24:45Z" finished-at="2021-05-16T11:25:00Z">
    <groups>
    </groups>
    <test name="Test" duration-ms="14887" started-at="2021-05-16T11:24:45Z" finished-at="2021-05-16T11:25:00Z">
      <class name="ecommerce.HomePage">
        <test-method status="PASS" signature="initializations()[pri:0, instance:ecommerce.HomePage@f6c48ac]" name="initializations" is-config="true" duration-ms="7380" started-at="2021-05-16T11:24:38Z" finished-at="2021-05-16T11:24:45Z">
          <reporter-output>
          </reporter-output>
        </test-method> <!-- initializations -->
        <test-method status="PASS" signature="verifyDisabledFields()[pri:0, instance:ecommerce.HomePage@f6c48ac]" name="verifyDisabledFields" duration-ms="14827" started-at="2021-05-16T11:24:45Z" finished-at="2021-05-16T11:25:00Z">
          <reporter-output>
          </reporter-output>
        </test-method> <!-- verifyDisabledFields -->
      </class> <!-- ecommerce.HomePage -->
    </test> <!-- Test -->
  </suite> <!-- Suite -->
</testng-results>
