<?xml version="1.0" encoding="UTF-8"?>
<!-- Generated by org.testng.reporters.JUnitXMLReporter -->
<testsuite hostname="WKWIN4599847" ignored="3" name="Test" tests="1" failures="0" timestamp="16 May 2021 11:25:00 GMT" time="14.887" errors="0">
  <testcase name="verifyDisabledFields" time="14.827" classname="ecommerce.HomePage"/>
  <testcase name="verifyMobileSubPageTitle" time="0.0" classname="ecommerce.HomePage">
    <ignored/>
  </testcase> <!-- verifyMobileSubPageTitle -->
  <testcase name="searchFunctionality" time="0.0" classname="ecommerce.HomePage">
    <ignored/>
  </testcase> <!-- searchFunctionality -->
  <testcase name="verifyHomePageTitle" time="0.0" classname="ecommerce.HomePage">
    <ignored/>
  </testcase> <!-- verifyHomePageTitle -->
</testsuite> <!-- Test -->
